Flow report for lab2
Fri Jan  3 16:19:15 2020
Quartus II 64-Bit Version 13.0.1 Build 232 06/12/2013 Service Pack 1 SJ Web Edition


---------------------
; Table of Contents ;
---------------------
  1. Legal Notice
  2. Flow Summary
  3. Flow Settings
  4. Flow Non-Default Global Settings
  5. Flow Elapsed Time
  6. Flow OS Summary
  7. Flow Log
  8. Flow Messages
  9. Flow Suppressed Messages



----------------
; Legal Notice ;
----------------
Copyright (C) 1991-2013 Altera Corporation
Your use of Altera Corporation's design tools, logic functions 
and other software and tools, and its AMPP partner logic 
functions, and any output files from any of the foregoing 
(including device programming or simulation files), and any 
associated documentation or information are expressly subject 
to the terms and conditions of the Altera Program License 
Subscription Agreement, Altera MegaCore Function License 
Agreement, or other applicable license agreement, including, 
without limitation, that your use is for the sole purpose of 
programming logic devices manufactured by Altera and sold by 
Altera or its authorized distributors.  Please refer to the 
applicable agreement for further details.



+--------------------------------------------------------------------------------------+
; Flow Summary                                                                         ;
+------------------------------------+-------------------------------------------------+
; Flow Status                        ; Successful - Fri Jan  3 16:19:09 2020           ;
; Quartus II 64-Bit Version          ; 13.0.1 Build 232 06/12/2013 SP 1 SJ Web Edition ;
; Revision Name                      ; lab2                                            ;
; Top-level Entity Name              ; register                                        ;
; Family                             ; Cyclone II                                      ;
; Total logic elements               ; 1,860 / 4,608 ( 40 % )                          ;
;     Total combinational functions  ; 1,385 / 4,608 ( 30 % )                          ;
;     Dedicated logic registers      ; 1,056 / 4,608 ( 23 % )                          ;
; Total registers                    ; 1056                                            ;
; Total pins                         ; 114 / 158 ( 72 % )                              ;
; Total virtual pins                 ; 0                                               ;
; Total memory bits                  ; 0 / 119,808 ( 0 % )                             ;
; Embedded Multiplier 9-bit elements ; 0 / 26 ( 0 % )                                  ;
; Total PLLs                         ; 0 / 2 ( 0 % )                                   ;
; Device                             ; EP2C5F256C6                                     ;
; Timing Models                      ; Final                                           ;
+------------------------------------+-------------------------------------------------+


+-----------------------------------------+
; Flow Settings                           ;
+-------------------+---------------------+
; Option            ; Setting             ;
+-------------------+---------------------+
; Start date & time ; 01/03/2020 16:18:24 ;
; Main task         ; Compilation         ;
; Revision Name     ; lab2                ;
+-------------------+---------------------+


+------------------------------------------------------------------------------------------------------------------+
; Flow Non-Default Global Settings                                                                                 ;
+-------------------------------------+---------------------------------+---------------+-------------+------------+
; Assignment Name                     ; Value                           ; Default Value ; Entity Name ; Section Id ;
+-------------------------------------+---------------------------------+---------------+-------------+------------+
; COMPILER_SIGNATURE_ID               ; 273406405029048.157806110301324 ; --            ; --          ; --         ;
; PARTITION_COLOR                     ; 16764057                        ; --            ; register    ; Top        ;
; PARTITION_FITTER_PRESERVATION_LEVEL ; PLACEMENT_AND_ROUTING           ; --            ; register    ; Top        ;
; PARTITION_NETLIST_TYPE              ; SOURCE                          ; --            ; register    ; Top        ;
; PROJECT_OUTPUT_DIRECTORY            ; output_files                    ; --            ; --          ; --         ;
; TOP_LEVEL_ENTITY                    ; register                        ; lab2          ; --          ; --         ;
+-------------------------------------+---------------------------------+---------------+-------------+------------+


+-------------------------------------------------------------------------------------------------------------------------------+
; Flow Elapsed Time                                                                                                             ;
+---------------------------+--------------+-------------------------+---------------------+------------------------------------+
; Module Name               ; Elapsed Time ; Average Processors Used ; Peak Virtual Memory ; Total CPU Time (on all processors) ;
+---------------------------+--------------+-------------------------+---------------------+------------------------------------+
; Analysis & Synthesis      ; 00:00:08     ; 1.0                     ; 547 MB              ; 00:00:06                           ;
; Fitter                    ; 00:00:25     ; 1.3                     ; 683 MB              ; 00:00:26                           ;
; Assembler                 ; 00:00:02     ; 1.0                     ; 519 MB              ; 00:00:02                           ;
; TimeQuest Timing Analyzer ; 00:00:03     ; 1.0                     ; 521 MB              ; 00:00:02                           ;
; Total                     ; 00:00:38     ; --                      ; --                  ; 00:00:36                           ;
+---------------------------+--------------+-------------------------+---------------------+------------------------------------+


+-----------------------------------------------------------------------------------------------+
; Flow OS Summary                                                                               ;
+---------------------------+------------------+---------------+---------------+----------------+
; Module Name               ; Machine Hostname ; OS Name       ; OS Version    ; Processor type ;
+---------------------------+------------------+---------------+---------------+----------------+
; Analysis & Synthesis      ; vm               ; Manjaro Linux ; Manjaro Linux ; x86_64         ;
; Fitter                    ; vm               ; Manjaro Linux ; Manjaro Linux ; x86_64         ;
; Assembler                 ; vm               ; Manjaro Linux ; Manjaro Linux ; x86_64         ;
; TimeQuest Timing Analyzer ; vm               ; Manjaro Linux ; Manjaro Linux ; x86_64         ;
+---------------------------+------------------+---------------+---------------+----------------+


------------
; Flow Log ;
------------
quartus_map --read_settings_files=on --write_settings_files=off lab2 -c lab2
quartus_fit --read_settings_files=off --write_settings_files=off lab2 -c lab2
quartus_asm --read_settings_files=off --write_settings_files=off lab2 -c lab2
quartus_sta lab2 -c lab2



